chinese_L-12_H-768_A-12/bert_config.json
Traceback (most recent call last):
  File "run_classifier.py", line 1020, in <module>
    tf.app.run()
  File "/opt/anaconda/envs/py3.6/lib/python3.6/site-packages/tensorflow/python/platform/app.py", line 125, in run
    _sys.exit(main(argv))
  File "run_classifier.py", line 866, in main
    is_per_host = tf.contrib.tpu.InputPipelineConfig.PER_HOST_V2
  File "/opt/anaconda/envs/py3.6/lib/python3.6/site-packages/tensorflow/python/util/lazy_loader.py", line 53, in __getattr__
    module = self._load()
  File "/opt/anaconda/envs/py3.6/lib/python3.6/site-packages/tensorflow/python/util/lazy_loader.py", line 42, in _load
    module = importlib.import_module(self.__name__)
  File "/opt/anaconda/envs/py3.6/lib/python3.6/importlib/__init__.py", line 126, in import_module
    return _bootstrap._gcd_import(name[level:], package, level)
  File "<frozen importlib._bootstrap>", line 994, in _gcd_import
  File "<frozen importlib._bootstrap>", line 971, in _find_and_load
  File "<frozen importlib._bootstrap>", line 955, in _find_and_load_unlocked
  File "<frozen importlib._bootstrap>", line 665, in _load_unlocked
  File "<frozen importlib._bootstrap_external>", line 678, in exec_module
  File "<frozen importlib._bootstrap>", line 219, in _call_with_frames_removed
  File "/opt/anaconda/envs/py3.6/lib/python3.6/site-packages/tensorflow/contrib/__init__.py", line 49, in <module>
    from tensorflow.contrib import distributions
  File "/opt/anaconda/envs/py3.6/lib/python3.6/site-packages/tensorflow/contrib/distributions/__init__.py", line 38, in <module>
    from tensorflow.contrib.distributions.python.ops.estimator import *
  File "/opt/anaconda/envs/py3.6/lib/python3.6/site-packages/tensorflow/contrib/distributions/python/ops/estimator.py", line 21, in <module>
    from tensorflow.contrib.learn.python.learn.estimators.head import _compute_weighted_loss
  File "/opt/anaconda/envs/py3.6/lib/python3.6/site-packages/tensorflow/contrib/learn/__init__.py", line 96, in <module>
    from tensorflow.contrib.learn.python.learn import *
  File "/opt/anaconda/envs/py3.6/lib/python3.6/site-packages/tensorflow/contrib/learn/python/__init__.py", line 28, in <module>
    from tensorflow.contrib.learn.python.learn import *
  File "/opt/anaconda/envs/py3.6/lib/python3.6/site-packages/tensorflow/contrib/learn/python/learn/__init__.py", line 28, in <module>
    from tensorflow.contrib.learn.python.learn import basic_session_run_hooks
  File "/opt/anaconda/envs/py3.6/lib/python3.6/site-packages/tensorflow/contrib/learn/python/learn/basic_session_run_hooks.py", line 53, in <module>
    basic_session_run_hooks.NanTensorHook)
  File "/opt/anaconda/envs/py3.6/lib/python3.6/site-packages/tensorflow/python/util/deprecation.py", line 173, in deprecated_alias
    class _NewClass(func_or_class):  # pylint: disable=missing-docstring
  File "/opt/anaconda/envs/py3.6/lib/python3.6/site-packages/tensorflow/python/util/deprecation.py", line 180, in _NewClass
    __module__ = _call_location(outer=True)
  File "/opt/anaconda/envs/py3.6/lib/python3.6/site-packages/tensorflow/python/util/deprecation.py", line 78, in _call_location
    frame = tf_inspect.currentframe()
  File "/opt/anaconda/envs/py3.6/lib/python3.6/site-packages/tensorflow/python/util/tf_inspect.py", line 42, in currentframe
    return _inspect.stack()[1][0]
  File "/opt/anaconda/envs/py3.6/lib/python3.6/inspect.py", line 1501, in stack
    return getouterframes(sys._getframe(1), context)
  File "/opt/anaconda/envs/py3.6/lib/python3.6/inspect.py", line 1478, in getouterframes
    frameinfo = (frame,) + getframeinfo(frame, context)
  File "/opt/anaconda/envs/py3.6/lib/python3.6/inspect.py", line 1452, in getframeinfo
    lines, lnum = findsource(frame)
  File "/opt/anaconda/envs/py3.6/lib/python3.6/inspect.py", line 768, in findsource
    file = getsourcefile(object)
  File "/opt/anaconda/envs/py3.6/lib/python3.6/inspect.py", line 696, in getsourcefile
    if getattr(getmodule(object, filename), '__loader__', None) is not None:
  File "/opt/anaconda/envs/py3.6/lib/python3.6/inspect.py", line 733, in getmodule
    if ismodule(module) and hasattr(module, '__file__'):
KeyboardInterrupt
