./run_news.sh: 2: ./run_news.sh: source: not found
/home/wy/anaconda3/envs/py3/lib/python3.7/site-packages/tensorflow/python/framework/dtypes.py:526: FutureWarning: Passing (type, 1) or '1type' as a synonym of type is deprecated; in a future version of numpy, it will be understood as (type, (1,)) / '(1,)type'.
  _np_qint8 = np.dtype([("qint8", np.int8, 1)])
/home/wy/anaconda3/envs/py3/lib/python3.7/site-packages/tensorflow/python/framework/dtypes.py:527: FutureWarning: Passing (type, 1) or '1type' as a synonym of type is deprecated; in a future version of numpy, it will be understood as (type, (1,)) / '(1,)type'.
  _np_quint8 = np.dtype([("quint8", np.uint8, 1)])
/home/wy/anaconda3/envs/py3/lib/python3.7/site-packages/tensorflow/python/framework/dtypes.py:528: FutureWarning: Passing (type, 1) or '1type' as a synonym of type is deprecated; in a future version of numpy, it will be understood as (type, (1,)) / '(1,)type'.
  _np_qint16 = np.dtype([("qint16", np.int16, 1)])
/home/wy/anaconda3/envs/py3/lib/python3.7/site-packages/tensorflow/python/framework/dtypes.py:529: FutureWarning: Passing (type, 1) or '1type' as a synonym of type is deprecated; in a future version of numpy, it will be understood as (type, (1,)) / '(1,)type'.
  _np_quint16 = np.dtype([("quint16", np.uint16, 1)])
/home/wy/anaconda3/envs/py3/lib/python3.7/site-packages/tensorflow/python/framework/dtypes.py:530: FutureWarning: Passing (type, 1) or '1type' as a synonym of type is deprecated; in a future version of numpy, it will be understood as (type, (1,)) / '(1,)type'.
  _np_qint32 = np.dtype([("qint32", np.int32, 1)])
/home/wy/anaconda3/envs/py3/lib/python3.7/site-packages/tensorflow/python/framework/dtypes.py:535: FutureWarning: Passing (type, 1) or '1type' as a synonym of type is deprecated; in a future version of numpy, it will be understood as (type, (1,)) / '(1,)type'.
  np_resource = np.dtype([("resource", np.ubyte, 1)])
finnews0331/CloseRet_t-2_t+1/output1/bert_config.json

WARNING: The TensorFlow contrib module will not be included in TensorFlow 2.0.
For more information, please see:
  * https://github.com/tensorflow/community/blob/master/rfcs/20180907-contrib-sunset.md
  * https://github.com/tensorflow/addons
If you depend on functionality not listed there, please file an issue.

WARNING:tensorflow:Estimator's model_fn (<function model_fn_builder.<locals>.model_fn at 0x7f6f80875c80>) includes params argument, but params are not passed to Estimator.
INFO:tensorflow:Using config: {'_model_dir': 'finnews0331/CloseRet_t-2_t+1/output1/', '_tf_random_seed': None, '_save_summary_steps': 100, '_save_checkpoints_steps': 500, '_save_checkpoints_secs': None, '_session_config': allow_soft_placement: true
graph_options {
  rewrite_options {
    meta_optimizer_iterations: ONE
  }
}
, '_keep_checkpoint_max': 7, '_keep_checkpoint_every_n_hours': 10000, '_log_step_count_steps': None, '_train_distribute': None, '_device_fn': None, '_protocol': None, '_eval_distribute': None, '_experimental_distribute': None, '_service': None, '_cluster_spec': <tensorflow.python.training.server_lib.ClusterSpec object at 0x7f6f786adba8>, '_task_type': 'worker', '_task_id': 0, '_global_id_in_cluster': 0, '_master': '', '_evaluation_master': '', '_is_chief': True, '_num_ps_replicas': 0, '_num_worker_replicas': 1, '_tpu_config': TPUConfig(iterations_per_loop=1000, num_shards=8, num_cores_per_replica=None, per_host_input_for_training=3, tpu_job_name=None, initial_infeed_sleep_secs=None, input_partition_dims=None), '_cluster': None}
INFO:tensorflow:_TPUContext: eval_on_tpu True
WARNING:tensorflow:eval_on_tpu ignored because use_tpu is False.
news,000002,928007148
INFO:tensorflow:***** Running prediction*****
INFO:tensorflow:  Num examples = 2048 (2048 actual, 0 padding)
INFO:tensorflow:  Batch size = 16
WARNING:tensorflow:From /home/wy/anaconda3/envs/py3/lib/python3.7/site-packages/tensorflow/python/ops/resource_variable_ops.py:435: colocate_with (from tensorflow.python.framework.ops) is deprecated and will be removed in a future version.
Instructions for updating:
Colocations handled automatically by placer.
WARNING:tensorflow:From run.py:455: map_and_batch (from tensorflow.contrib.data.python.ops.batching) is deprecated and will be removed in a future version.
Instructions for updating:
Use `tf.data.experimental.map_and_batch(...)`.
WARNING:tensorflow:From run.py:435: to_int32 (from tensorflow.python.ops.math_ops) is deprecated and will be removed in a future version.
Instructions for updating:
Use tf.cast instead.
INFO:tensorflow:Calling model_fn.
INFO:tensorflow:Running infer on CPU
WARNING:tensorflow:From /home/wy/citics/bert/modeling.py:672: dense (from tensorflow.python.layers.core) is deprecated and will be removed in a future version.
Instructions for updating:
Use keras.layers.dense instead.
INFO:tensorflow:Done calling model_fn.
INFO:tensorflow:Graph was finalized.
WARNING:tensorflow:From /home/wy/anaconda3/envs/py3/lib/python3.7/site-packages/tensorflow/python/training/saver.py:1266: checkpoint_exists (from tensorflow.python.training.checkpoint_management) is deprecated and will be removed in a future version.
Instructions for updating:
Use standard file APIs to check for files with this prefix.
INFO:tensorflow:Restoring parameters from finnews0331/CloseRet_t-2_t+1/output1/model.ckpt-5000
INFO:tensorflow:Running local_init_op.
INFO:tensorflow:Done running local_init_op.
INFO:tensorflow:prediction_loop marked as finished
INFO:tensorflow:prediction_loop marked as finished
news,000739,930891159
INFO:tensorflow:***** Running prediction*****
INFO:tensorflow:  Num examples = 2048 (2048 actual, 0 padding)
INFO:tensorflow:  Batch size = 16
INFO:tensorflow:Calling model_fn.
INFO:tensorflow:Running infer on CPU
INFO:tensorflow:Done calling model_fn.
INFO:tensorflow:Graph was finalized.
INFO:tensorflow:Restoring parameters from finnews0331/CloseRet_t-2_t+1/output1/model.ckpt-5000
INFO:tensorflow:Running local_init_op.
INFO:tensorflow:Done running local_init_op.
INFO:tensorflow:prediction_loop marked as finished
INFO:tensorflow:prediction_loop marked as finished
news,002193,928371941
INFO:tensorflow:***** Running prediction*****
INFO:tensorflow:  Num examples = 2048 (2048 actual, 0 padding)
INFO:tensorflow:  Batch size = 16
INFO:tensorflow:Calling model_fn.
INFO:tensorflow:Running infer on CPU
INFO:tensorflow:Done calling model_fn.
INFO:tensorflow:Graph was finalized.
INFO:tensorflow:Restoring parameters from finnews0331/CloseRet_t-2_t+1/output1/model.ckpt-5000
INFO:tensorflow:Running local_init_op.
INFO:tensorflow:Done running local_init_op.
INFO:tensorflow:prediction_loop marked as finished
INFO:tensorflow:prediction_loop marked as finished
news,002552,928136327
INFO:tensorflow:***** Running prediction*****
INFO:tensorflow:  Num examples = 2048 (2048 actual, 0 padding)
INFO:tensorflow:  Batch size = 16
INFO:tensorflow:Calling model_fn.
INFO:tensorflow:Running infer on CPU
INFO:tensorflow:Done calling model_fn.
INFO:tensorflow:Graph was finalized.
INFO:tensorflow:Restoring parameters from finnews0331/CloseRet_t-2_t+1/output1/model.ckpt-5000
INFO:tensorflow:Running local_init_op.
INFO:tensorflow:Done running local_init_op.
INFO:tensorflow:prediction_loop marked as finished
INFO:tensorflow:prediction_loop marked as finished
news,300027,927794425
INFO:tensorflow:***** Running prediction*****
INFO:tensorflow:  Num examples = 2048 (2048 actual, 0 padding)
INFO:tensorflow:  Batch size = 16
INFO:tensorflow:Calling model_fn.
INFO:tensorflow:Running infer on CPU
INFO:tensorflow:Done calling model_fn.
INFO:tensorflow:Graph was finalized.
INFO:tensorflow:Restoring parameters from finnews0331/CloseRet_t-2_t+1/output1/model.ckpt-5000
INFO:tensorflow:Running local_init_op.
INFO:tensorflow:Done running local_init_op.
INFO:tensorflow:prediction_loop marked as finished
INFO:tensorflow:prediction_loop marked as finished
news,300611,928459475
INFO:tensorflow:***** Running prediction*****
INFO:tensorflow:  Num examples = 2048 (2048 actual, 0 padding)
INFO:tensorflow:  Batch size = 16
INFO:tensorflow:Calling model_fn.
INFO:tensorflow:Running infer on CPU
INFO:tensorflow:Done calling model_fn.
INFO:tensorflow:Graph was finalized.
INFO:tensorflow:Restoring parameters from finnews0331/CloseRet_t-2_t+1/output1/model.ckpt-5000
INFO:tensorflow:Running local_init_op.
INFO:tensorflow:Done running local_init_op.
INFO:tensorflow:prediction_loop marked as finished
INFO:tensorflow:prediction_loop marked as finished
news,600215,926944549
INFO:tensorflow:***** Running prediction*****
INFO:tensorflow:  Num examples = 2048 (2048 actual, 0 padding)
INFO:tensorflow:  Batch size = 16
INFO:tensorflow:Calling model_fn.
INFO:tensorflow:Running infer on CPU
INFO:tensorflow:Done calling model_fn.
INFO:tensorflow:Graph was finalized.
INFO:tensorflow:Restoring parameters from finnews0331/CloseRet_t-2_t+1/output1/model.ckpt-5000
INFO:tensorflow:Running local_init_op.
INFO:tensorflow:Done running local_init_op.
INFO:tensorflow:prediction_loop marked as finished
INFO:tensorflow:prediction_loop marked as finished
news,600745,931273692
INFO:tensorflow:***** Running prediction*****
INFO:tensorflow:  Num examples = 2048 (2048 actual, 0 padding)
INFO:tensorflow:  Batch size = 16
INFO:tensorflow:Calling model_fn.
INFO:tensorflow:Running infer on CPU
INFO:tensorflow:Done calling model_fn.
INFO:tensorflow:Graph was finalized.
INFO:tensorflow:Restoring parameters from finnews0331/CloseRet_t-2_t+1/output1/model.ckpt-5000
INFO:tensorflow:Running local_init_op.
INFO:tensorflow:Done running local_init_op.
INFO:tensorflow:prediction_loop marked as finished
INFO:tensorflow:prediction_loop marked as finished
news,601939,929006678
INFO:tensorflow:***** Running prediction*****
INFO:tensorflow:  Num examples = 1570 (1570 actual, 0 padding)
INFO:tensorflow:  Batch size = 16
INFO:tensorflow:Calling model_fn.
INFO:tensorflow:Running infer on CPU
INFO:tensorflow:Done calling model_fn.
INFO:tensorflow:Graph was finalized.
INFO:tensorflow:Restoring parameters from finnews0331/CloseRet_t-2_t+1/output1/model.ckpt-5000
INFO:tensorflow:Running local_init_op.
INFO:tensorflow:Done running local_init_op.
INFO:tensorflow:prediction_loop marked as finished
INFO:tensorflow:prediction_loop marked as finished
